<?xml version="1.0" encoding="UTF-8"?>
<!-- Generated by org.testng.reporters.JUnitReportReporter -->
<testsuite hostname="ATMECSINLT-083" failures="0" tests="1" name="com.atmecs.testscripts.TestVerifySecondProduct" time="95.568" errors="0" timestamp="08 Nov 2019 07:21:17 GMT" skipped="0">
  <testcase classname="com.atmecs.testscripts.TestVerifySecondProduct" name="testingDemoPage" time="95.568"/>
</testsuite> <!-- com.atmecs.testscripts.TestVerifySecondProduct -->
