<?xml version="1.0" encoding="UTF-8"?>
<!-- Generated by org.testng.reporters.JUnitReportReporter -->
<testsuite hostname="ATMECSINLT-083" failures="0" tests="1" name="com.atmecs.heatclinic.testscripts.SelectProduct" time="17.061" errors="0" timestamp="15 Nov 2019 05:20:14 GMT" skipped="0">
  <testcase classname="com.atmecs.heatclinic.testscripts.SelectProduct" name="testingHomePage" time="17.061"/>
</testsuite> <!-- com.atmecs.heatclinic.testscripts.SelectProduct -->
