<?xml version="1.0" encoding="UTF-8"?>
<!-- Generated by org.testng.reporters.JUnitReportReporter -->
<testsuite hostname="ATMECSINLT-083" failures="0" tests="1" name="com.atmecs.testscripts.TestVerifyHomePage" time="0.000" errors="0" timestamp="08 Nov 2019 05:55:17 GMT" skipped="1">
  <testcase classname="com.atmecs.testscripts.TestVerifyHomePage" name="testingDemoPage" time="0.000">
    <skipped/>
  </testcase> <!-- testingDemoPage -->
</testsuite> <!-- com.atmecs.testscripts.TestVerifyHomePage -->
