<?xml version="1.0" encoding="UTF-8"?>
<!-- Generated by org.testng.reporters.JUnitReportReporter -->
<testsuite hostname="ATMECSINLT-083" failures="0" tests="1" name="com.atmecs.testscripts.TestHeatClinicProduct" time="16.763" errors="0" timestamp="20 Nov 2019 14:16:34 GMT" skipped="0">
  <testcase classname="com.atmecs.testscripts.TestHeatClinicProduct" name="selectingProduct" time="16.763"/>
</testsuite> <!-- com.atmecs.testscripts.TestHeatClinicProduct -->
