<?xml version="1.0" encoding="UTF-8"?>
<!-- Generated by org.testng.reporters.JUnitReportReporter -->
<testsuite hostname="ATMECSINLT-083" failures="0" tests="1" name="com.atmecs.testscripts.TestNegative" time="33.950" errors="0" timestamp="08 Nov 2019 09:01:05 GMT" skipped="0">
  <testcase classname="com.atmecs.testscripts.TestNegative" name="testingDemoPage" time="33.950"/>
</testsuite> <!-- com.atmecs.testscripts.TestNegative -->
