<?xml version="1.0" encoding="UTF-8"?>
<!-- Generated by org.testng.reporters.JUnitReportReporter -->
<testsuite hostname="ATMECSINLT-083" failures="0" tests="1" name="com.atmecs.testscripts.TestCases" time="53.921" errors="0" timestamp="08 Nov 2019 06:59:57 GMT" skipped="0">
  <testcase classname="com.atmecs.testscripts.TestCases" name="testingDemoPage" time="53.921"/>
</testsuite> <!-- com.atmecs.testscripts.TestCases -->
