<?xml version="1.0" encoding="UTF-8"?>
<!-- Generated by org.testng.reporters.JUnitReportReporter -->
<testsuite hostname="ATMECSINLT-083" failures="0" tests="1" name="com.atmecs.heatclinic.testscripts.ValidateTabs" time="12.273" errors="0" timestamp="11 Nov 2019 07:00:58 GMT" skipped="0">
  <testcase classname="com.atmecs.heatclinic.testscripts.ValidateTabs" name="testingHomePageTabs" time="12.273"/>
</testsuite> <!-- com.atmecs.heatclinic.testscripts.ValidateTabs -->
