<?xml version="1.0" encoding="UTF-8"?>
<!-- Generated by org.testng.reporters.JUnitReportReporter -->
<testsuite hostname="ATMECSINLT-083" failures="0" tests="1" name="com.atmecs.testbase.TestBase1" time="13.755" errors="0" timestamp="08 Nov 2019 05:54:15 GMT" skipped="0">
  <testcase classname="com.atmecs.testbase.TestBase1" name="initializeBrowser" time="13.755"/>
</testsuite> <!-- com.atmecs.testbase.TestBase1 -->
