<?xml version="1.0" encoding="UTF-8"?>
<!-- Generated by org.testng.reporters.JUnitReportReporter -->
<testsuite hostname="ATMECSINLT-083" failures="0" tests="3" name="com.atmecs.testscripts.TestFirstProduct" time="11.800" errors="0" timestamp="11 Nov 2019 10:04:22 GMT" skipped="0">
  <testcase classname="com.atmecs.testscripts.TestFirstProduct" name="testingHomePage" time="4.830"/>
  <testcase classname="com.atmecs.testscripts.TestFirstProduct" name="testingSecondProduct" time="5.899"/>
  <testcase classname="com.atmecs.testscripts.TestFirstProduct" name="testingHomePage" time="1.071"/>
</testsuite> <!-- com.atmecs.testscripts.TestFirstProduct -->
