<?xml version="1.0" encoding="UTF-8"?>
<!-- Generated by org.testng.reporters.JUnitReportReporter -->
<testsuite hostname="ATMECSINLT-083" failures="0" tests="1" name="com.atmecs.testscripts.TestHeatClinicProduct" time="16.003" errors="0" timestamp="21 Nov 2019 07:29:04 GMT" skipped="0">
  <testcase classname="com.atmecs.testscripts.TestHeatClinicProduct" name="selectingHSProduct" time="16.003"/>
</testsuite> <!-- com.atmecs.testscripts.TestHeatClinicProduct -->
