<?xml version="1.0" encoding="UTF-8"?>
<!-- Generated by org.testng.reporters.JUnitReportReporter -->
<testsuite hostname="ATMECSINLT-083" failures="0" tests="1" name="com.atmecs.testscripts.TestNinjaStoreProducts" time="22.977" errors="0" timestamp="20 Nov 2019 14:17:18 GMT" skipped="0">
  <testcase classname="com.atmecs.testscripts.TestNinjaStoreProducts" name="selectingProducts" time="22.977"/>
</testsuite> <!-- com.atmecs.testscripts.TestNinjaStoreProducts -->
