<?xml version="1.0" encoding="UTF-8"?>
<!-- Generated by org.testng.reporters.JUnitReportReporter -->
<testsuite hostname="ATMECSINLT-083" failures="0" tests="1" name="com.atmecs.testscripts.TestNinjaStoreProducts" time="20.474" errors="0" timestamp="21 Nov 2019 06:43:34 GMT" skipped="0">
  <testcase classname="com.atmecs.testscripts.TestNinjaStoreProducts" name="selectingNSProducts" time="20.474"/>
</testsuite> <!-- com.atmecs.testscripts.TestNinjaStoreProducts -->
