<?xml version="1.0" encoding="UTF-8"?>
<!-- Generated by org.testng.reporters.JUnitReportReporter -->
<testsuite skipped="0" hostname="ATMECSINLT-083" name="com.atmecs.testscripts.SelectProducts" tests="1" failures="0" timestamp="14 Nov 2019 05:58:23 GMT" time="11.837" errors="0">
  <testcase name="selectingFirstProduct" time="11.837" classname="com.atmecs.testscripts.SelectProducts"/>
</testsuite> <!-- com.atmecs.testscripts.SelectProducts -->
