<?xml version="1.0" encoding="UTF-8"?>
<!-- Generated by org.testng.reporters.JUnitReportReporter -->
<testsuite skipped="0" hostname="ATMECSINLT-083" name="com.atmecs.heatclinic.testscripts.SelectProduct" tests="1" failures="0" timestamp="14 Nov 2019 05:58:23 GMT" time="8.964" errors="0">
  <testcase name="testingHomePage" time="8.964" classname="com.atmecs.heatclinic.testscripts.SelectProduct"/>
</testsuite> <!-- com.atmecs.heatclinic.testscripts.SelectProduct -->
